0 info it worked if it ends with ok
1 verbose cli [ 'C:\\Program Files\\nodejs\\node.exe',
1 verbose cli   'C:\\Program Files\\nodejs\\node_modules\\npm\\bin\\npm-cli.js',
1 verbose cli   'run',
1 verbose cli   'push' ]
2 info using npm@3.10.10
3 info using node@v6.10.2
4 verbose run-script [ 'prepush', 'push', 'postpush' ]
5 info lifecycle rgss3.github.io@1.0.0~prepush: rgss3.github.io@1.0.0
6 silly lifecycle rgss3.github.io@1.0.0~prepush: no script for prepush, continuing
7 info lifecycle rgss3.github.io@1.0.0~push: rgss3.github.io@1.0.0
8 verbose lifecycle rgss3.github.io@1.0.0~push: unsafe-perm in lifecycle true
9 verbose lifecycle rgss3.github.io@1.0.0~push: PATH: C:\Program Files\nodejs\node_modules\npm\bin\node-gyp-bin;E:\gits\rgss3.github.io\node_modules\.bin;C:\Python36\Scripts\;C:\Python36\;E:\Python27\;E:\Python27\Scripts;C:\IM;C:\Program Files\ImageMagick-7.0.5-Q8;C:\Program Files\Haskell\bin;C:\Program Files\Haskell Platform\8.0.2\lib\extralibs\bin;C:\Program Files\Haskell Platform\8.0.2\bin;C:\Python27\;C:\Python27\Scripts;C:\ProgramData\Oracle\Java\javapath;C:\Ruby23-x64\bin;C:\Windows\system32;C:\Windows;C:\Windows\System32\Wbem;C:\Windows\System32\WindowsPowerShell\v1.0\;C:\Program Files\Git\cmd;C:\Program Files\TortoiseSVN\bin;D:\TDM-GCC-64\bin;D:\Dwimperl\perl\bin;C:\Dwimperl\perl\site\bin;C:\Dwimperl\c\bin;C:\Program Files\Haskell Platform\8.0.2\mingw\bin;C:\Program Files (x86)\GtkSharp\2.12\bin;C:\MiKTeX\miktex\bin\x64\;c:\Program Files (x86)\QuickTime\QTSystem\;C:\Program Files\nodejs\;C:\ProgramData\chocolatey\bin;D:\brackets\command;C:\Users\Administrator\AppData\Roaming\cabal\bin;C:\Users\Administrator\AppData\Roaming\local\bin;C:\Program Files (x86)\Microsoft VS Code\bin;C:\Program Files\Docker Toolbox;C:\python27;C:\rakudo\bin;C:\rakudo\share\perl6\site\bin;C:\rakudo\bin;C:\ruby23\bin;C:\Program Files\java\jdk1.8.0_121\bin;C:\Program Files\java\jre1.8.0_121\bin;E:\maven\bin;C:\Users\Administrator\AppData\Roaming\npm;D:\bin
10 verbose lifecycle rgss3.github.io@1.0.0~push: CWD: E:\gits\rgss3.github.io
11 silly lifecycle rgss3.github.io@1.0.0~push: Args: [ '/d /s /c',
11 silly lifecycle   'git add . && git commit && git push -u origin master' ]
12 silly lifecycle rgss3.github.io@1.0.0~push: Returned: code: 1  signal: null
13 info lifecycle rgss3.github.io@1.0.0~push: Failed to exec push script
14 verbose stack Error: rgss3.github.io@1.0.0 push: `git add . && git commit && git push -u origin master`
14 verbose stack Exit status 1
14 verbose stack     at EventEmitter.<anonymous> (C:\Program Files\nodejs\node_modules\npm\lib\utils\lifecycle.js:255:16)
14 verbose stack     at emitTwo (events.js:106:13)
14 verbose stack     at EventEmitter.emit (events.js:191:7)
14 verbose stack     at ChildProcess.<anonymous> (C:\Program Files\nodejs\node_modules\npm\lib\utils\spawn.js:40:14)
14 verbose stack     at emitTwo (events.js:106:13)
14 verbose stack     at ChildProcess.emit (events.js:191:7)
14 verbose stack     at maybeClose (internal/child_process.js:886:16)
14 verbose stack     at Process.ChildProcess._handle.onexit (internal/child_process.js:226:5)
15 verbose pkgid rgss3.github.io@1.0.0
16 verbose cwd E:\gits\rgss3.github.io
17 error Windows_NT 6.1.7601
18 error argv "C:\\Program Files\\nodejs\\node.exe" "C:\\Program Files\\nodejs\\node_modules\\npm\\bin\\npm-cli.js" "run" "push"
19 error node v6.10.2
20 error npm  v3.10.10
21 error code ELIFECYCLE
22 error rgss3.github.io@1.0.0 push: `git add . && git commit && git push -u origin master`
22 error Exit status 1
23 error Failed at the rgss3.github.io@1.0.0 push script 'git add . && git commit && git push -u origin master'.
23 error Make sure you have the latest version of node.js and npm installed.
23 error If you do, this is most likely a problem with the rgss3.github.io package,
23 error not with npm itself.
23 error Tell the author that this fails on your system:
23 error     git add . && git commit && git push -u origin master
23 error You can get information on how to open an issue for this project with:
23 error     npm bugs rgss3.github.io
23 error Or if that isn't available, you can get their info via:
23 error     npm owner ls rgss3.github.io
23 error There is likely additional logging output above.
24 verbose exit [ 1, true ]
